0 info it worked if it ends with ok
1 verbose cli [ 'C:\\Program Files\\nodejs\\node.exe',
1 verbose cli   'C:\\Program Files\\nodejs\\node_modules\\npm\\bin\\npm-cli.js',
1 verbose cli   'start' ]
2 info using npm@3.10.8
3 info using node@v6.9.1
4 verbose run-script [ 'prestart', 'start', 'poststart' ]
5 info lifecycle sassapp@0.0.0~prestart: sassapp@0.0.0
6 silly lifecycle sassapp@0.0.0~prestart: no script for prestart, continuing
7 info lifecycle sassapp@0.0.0~start: sassapp@0.0.0
8 verbose lifecycle sassapp@0.0.0~start: unsafe-perm in lifecycle true
9 verbose lifecycle sassapp@0.0.0~start: PATH: C:\Program Files\nodejs\node_modules\npm\bin\node-gyp-bin;C:\Users\pboyle\code\sassApp\node_modules\.bin;C:\Users\pboyle\bin;C:\Users\pboyle\AppData\Local\Programs\Git\mingw64\bin;C:\Users\pboyle\AppData\Local\Programs\Git\usr\local\bin;C:\Users\pboyle\AppData\Local\Programs\Git\usr\bin;C:\Users\pboyle\AppData\Local\Programs\Git\usr\bin;C:\Users\pboyle\AppData\Local\Programs\Git\mingw64\bin;C:\Users\pboyle\AppData\Local\Programs\Git\usr\bin;C:\Users\pboyle\bin;C:\ProgramData\Oracle\Java\javapath;C:\Program Files (x86)\ActiveState Komodo Edit 9;C:\Program Files\Common Files\Microsoft Shared\Windows Live;C:\Program Files (x86)\Common Files\Microsoft Shared\Windows Live;C:\Windows\system32;C:\Windows;C:\Windows\System32\Wbem;C:\Windows\System32\WindowsPowerShell\v1.0;C:\Program Files (x86)\ATI Technologies\ATI.ACE\Core-Static;C:\Program Files (x86)\Intel\Services\IPT;C:\Program Files (x86)\NTRU Cryptosystems\NTRU TCG Software Stack\bin;C:\Program Files\NTRU Cryptosystems\NTRU TCG Software Stack\bin;C:\Program Files\Dell\Dell Data Protection\Access\Advanced\Wave\Gemalto\Access Client\v5;C:\Program Files (x86)\Common Files\Roxio Shared\OEM\DLLShared;C:\Program Files (x86)\Common Files\Roxio Shared\OEM\DLLShared;C:\Program Files (x86)\Common Files\Roxio Shared\OEM\12.0\DLLShared;C:\Program Files (x86)\Roxio\OEM\AudioCore;C:\Program Files (x86)\Windows Live\Shared;C:\atom\app-1.11.2;C:\phantomjs;C:\php;C:\Program Files\nodejs;C:\Program Files (x86)\Skype\Phone;C:\Users\pboyle\AppData\Local\atom\bin;C:\Users\pboyle\AppData\Local\Programs\Git\cmd;C:\Users\pboyle\AppData\Local\Programs\Git\mingw64\bin;C:\Users\pboyle\AppData\Local\Programs\Git\usr\bin;C:\Users\pboyle\AppData\Roaming\npm;C:\atom\bin;C:\Users\pboyle\Desktop\atom\bin;C:\Users\pboyle\AppData\Local\ComposerSetup\bin;C:\Users\pboyle\AppData\Roaming\Composer\vendor\bin;C:\Users\pboyle\AppData\Local\Programs\Git\usr\bin\vendor_perl;C:\Users\pboyle\AppData\Local\Programs\Git\usr\bin\core_perl
10 verbose lifecycle sassapp@0.0.0~start: CWD: C:\Users\pboyle\code\sassApp
11 silly lifecycle sassapp@0.0.0~start: Args: [ '/d /s /c', 'node ./bin/www' ]
12 silly lifecycle sassapp@0.0.0~start: Returned: code: 1  signal: null
13 info lifecycle sassapp@0.0.0~start: Failed to exec start script
14 verbose stack Error: sassapp@0.0.0 start: `node ./bin/www`
14 verbose stack Exit status 1
14 verbose stack     at EventEmitter.<anonymous> (C:\Program Files\nodejs\node_modules\npm\lib\utils\lifecycle.js:255:16)
14 verbose stack     at emitTwo (events.js:106:13)
14 verbose stack     at EventEmitter.emit (events.js:191:7)
14 verbose stack     at ChildProcess.<anonymous> (C:\Program Files\nodejs\node_modules\npm\lib\utils\spawn.js:40:14)
14 verbose stack     at emitTwo (events.js:106:13)
14 verbose stack     at ChildProcess.emit (events.js:191:7)
14 verbose stack     at maybeClose (internal/child_process.js:877:16)
14 verbose stack     at Process.ChildProcess._handle.onexit (internal/child_process.js:226:5)
15 verbose pkgid sassapp@0.0.0
16 verbose cwd C:\Users\pboyle\code\sassApp
17 error Windows_NT 6.1.7601
18 error argv "C:\\Program Files\\nodejs\\node.exe" "C:\\Program Files\\nodejs\\node_modules\\npm\\bin\\npm-cli.js" "start"
19 error node v6.9.1
20 error npm  v3.10.8
21 error code ELIFECYCLE
22 error sassapp@0.0.0 start: `node ./bin/www`
22 error Exit status 1
23 error Failed at the sassapp@0.0.0 start script 'node ./bin/www'.
23 error Make sure you have the latest version of node.js and npm installed.
23 error If you do, this is most likely a problem with the sassapp package,
23 error not with npm itself.
23 error Tell the author that this fails on your system:
23 error     node ./bin/www
23 error You can get information on how to open an issue for this project with:
23 error     npm bugs sassapp
23 error Or if that isn't available, you can get their info via:
23 error     npm owner ls sassapp
23 error There is likely additional logging output above.
24 verbose exit [ 1, true ]
